<?xml version="1.0" encoding="UTF-8"?>
<testng-results ignored="0" total="4" passed="4" failed="0" skipped="0">
  <reporter-output>
  </reporter-output>
  <suite started-at="2024-01-17T20:59:20 IST" name="Default suite" finished-at="2024-01-17T20:59:23 IST" duration-ms="3417">
    <groups>
      <group name="cucumber">
        <method signature="AbstractTestNGCucumberTests.runScenario(io.cucumber.testng.PickleWrapper,io.cucumber.testng.FeatureWrapper)[pri:0, instance:runner.RunCucumberTest@7a35b0f5]" name="runScenario" class="io.cucumber.testng.AbstractTestNGCucumberTests"/>
      </group> <!-- cucumber -->
    </groups>
    <test started-at="2024-01-17T20:59:20 IST" name="Default test" finished-at="2024-01-17T20:59:23 IST" duration-ms="3417">
      <class name="runner.RunCucumberTest">
        <test-method is-config="true" signature="setUpClass(org.testng.ITestContext)[pri:0, instance:runner.RunCucumberTest@7a35b0f5]" started-at="2024-01-17T20:59:20 IST" name="setUpClass" finished-at="2024-01-17T20:59:20 IST" duration-ms="535" status="PASS">
          <params>
            <param index="0">
              <value>
                <![CDATA[org.testng.TestRunner@3c3a0032]]>
              </value>
            </param>
          </params>
          <reporter-output>
          </reporter-output>
        </test-method> <!-- setUpClass -->
        <test-method signature="runScenario(io.cucumber.testng.PickleWrapper,io.cucumber.testng.FeatureWrapper)[pri:0, instance:runner.RunCucumberTest@7a35b0f5]" started-at="2024-01-17T20:59:20 IST" name="runScenario" description="Runs Cucumber Scenarios" data-provider="scenarios" finished-at="2024-01-17T20:59:23 IST" duration-ms="2735" status="PASS">
          <params>
            <param index="0">
              <value>
                <![CDATA["Check if the admin user is able to delete user details successfully"]]>
              </value>
            </param>
            <param index="1">
              <value>
                <![CDATA["Feature to test the Delete User functionality"]]>
              </value>
            </param>
          </params>
          <reporter-output>
          </reporter-output>
        </test-method> <!-- runScenario -->
        <test-method signature="runScenario(io.cucumber.testng.PickleWrapper,io.cucumber.testng.FeatureWrapper)[pri:0, instance:runner.RunCucumberTest@7a35b0f5]" started-at="2024-01-17T20:59:20 IST" name="runScenario" description="Runs Cucumber Scenarios" data-provider="scenarios" finished-at="2024-01-17T20:59:23 IST" duration-ms="2734" status="PASS">
          <params>
            <param index="0">
              <value>
                <![CDATA["Check if the admin user is able to delete user details successfully"]]>
              </value>
            </param>
            <param index="1">
              <value>
                <![CDATA["Feature to test the Delete User functionality"]]>
              </value>
            </param>
          </params>
          <reporter-output>
          </reporter-output>
        </test-method> <!-- runScenario -->
        <test-method signature="runScenario(io.cucumber.testng.PickleWrapper,io.cucumber.testng.FeatureWrapper)[pri:0, instance:runner.RunCucumberTest@7a35b0f5]" started-at="2024-01-17T20:59:20 IST" name="runScenario" description="Runs Cucumber Scenarios" data-provider="scenarios" finished-at="2024-01-17T20:59:23 IST" duration-ms="2735" status="PASS">
          <params>
            <param index="0">
              <value>
                <![CDATA["Check if the admin user is able to delete user details successfully"]]>
              </value>
            </param>
            <param index="1">
              <value>
                <![CDATA["Feature to test the Delete User functionality"]]>
              </value>
            </param>
          </params>
          <reporter-output>
          </reporter-output>
        </test-method> <!-- runScenario -->
        <test-method signature="runScenario(io.cucumber.testng.PickleWrapper,io.cucumber.testng.FeatureWrapper)[pri:0, instance:runner.RunCucumberTest@7a35b0f5]" started-at="2024-01-17T20:59:20 IST" name="runScenario" description="Runs Cucumber Scenarios" data-provider="scenarios" finished-at="2024-01-17T20:59:23 IST" duration-ms="2735" status="PASS">
          <params>
            <param index="0">
              <value>
                <![CDATA["Check if the admin user is able to delete user details successfully"]]>
              </value>
            </param>
            <param index="1">
              <value>
                <![CDATA["Feature to test the Delete User functionality"]]>
              </value>
            </param>
          </params>
          <reporter-output>
          </reporter-output>
        </test-method> <!-- runScenario -->
        <test-method is-config="true" signature="tearDownClass()[pri:0, instance:runner.RunCucumberTest@7a35b0f5]" started-at="2024-01-17T20:59:23 IST" name="tearDownClass" finished-at="2024-01-17T20:59:23 IST" duration-ms="78" status="PASS">
          <reporter-output>
          </reporter-output>
        </test-method> <!-- tearDownClass -->
        <test-method is-config="true" signature="afterSuite()[pri:0, instance:runner.RunCucumberTest@7a35b0f5]" started-at="2024-01-17T20:59:23 IST" name="afterSuite" finished-at="2024-01-17T20:59:24 IST" duration-ms="936" status="PASS">
          <reporter-output>
          </reporter-output>
        </test-method> <!-- afterSuite -->
      </class> <!-- runner.RunCucumberTest -->
    </test> <!-- Default test -->
  </suite> <!-- Default suite -->
</testng-results>
