<?xml version="1.0" encoding="UTF-8"?>
<testng-results ignored="0" total="1" passed="1" failed="0" skipped="0">
  <reporter-output>
  </reporter-output>
  <suite started-at="2024-01-22T19:06:52 IST" name="Default suite" finished-at="2024-01-22T19:06:55 IST" duration-ms="2824">
    <groups>
    </groups>
    <test started-at="2024-01-22T19:06:52 IST" name="Default test" finished-at="2024-01-22T19:06:55 IST" duration-ms="2824">
      <class name="testCases.PutTestCase">
        <test-method signature="testUpdateUserDetails()[pri:0, instance:testCases.PutTestCase@5b03b9fe]" started-at="2024-01-22T19:06:52 IST" name="testUpdateUserDetails" finished-at="2024-01-22T19:06:55 IST" duration-ms="2785" status="PASS">
          <reporter-output>
          </reporter-output>
        </test-method> <!-- testUpdateUserDetails -->
      </class> <!-- testCases.PutTestCase -->
    </test> <!-- Default test -->
  </suite> <!-- Default suite -->
</testng-results>
