<?xml version="1.0" encoding="UTF-8"?>
<testng-results ignored="0" total="9" passed="8" failed="1" skipped="0">
  <reporter-output>
  </reporter-output>
  <suite started-at="2024-01-22T19:07:37 IST" name="Default suite" finished-at="2024-01-22T19:07:42 IST" duration-ms="4241">
    <groups>
      <group name="cucumber">
        <method signature="AbstractTestNGCucumberTests.runScenario(io.cucumber.testng.PickleWrapper,io.cucumber.testng.FeatureWrapper)[pri:0, instance:runner.RunCucumberTest@7a35b0f5]" name="runScenario" class="io.cucumber.testng.AbstractTestNGCucumberTests"/>
      </group> <!-- cucumber -->
    </groups>
    <test started-at="2024-01-22T19:07:37 IST" name="Default test" finished-at="2024-01-22T19:07:42 IST" duration-ms="4241">
      <class name="runner.RunCucumberTest">
        <test-method is-config="true" signature="setUpClass(org.testng.ITestContext)[pri:0, instance:runner.RunCucumberTest@7a35b0f5]" started-at="2024-01-22T19:07:37 IST" name="setUpClass" finished-at="2024-01-22T19:07:38 IST" duration-ms="672" status="PASS">
          <params>
            <param index="0">
              <value>
                <![CDATA[org.testng.TestRunner@4a14c44f]]>
              </value>
            </param>
          </params>
          <reporter-output>
          </reporter-output>
        </test-method> <!-- setUpClass -->
        <test-method signature="runScenario(io.cucumber.testng.PickleWrapper,io.cucumber.testng.FeatureWrapper)[pri:0, instance:runner.RunCucumberTest@7a35b0f5]" started-at="2024-01-22T19:07:38 IST" name="runScenario" description="Runs Cucumber Scenarios" data-provider="scenarios" finished-at="2024-01-22T19:07:41 IST" duration-ms="3068" status="PASS">
          <params>
            <param index="0">
              <value>
                <![CDATA["Check if the admin user is able to delete user details successfully"]]>
              </value>
            </param>
            <param index="1">
              <value>
                <![CDATA["Feature to test the Delete User functionality"]]>
              </value>
            </param>
          </params>
          <reporter-output>
          </reporter-output>
        </test-method> <!-- runScenario -->
        <test-method signature="runScenario(io.cucumber.testng.PickleWrapper,io.cucumber.testng.FeatureWrapper)[pri:0, instance:runner.RunCucumberTest@7a35b0f5]" started-at="2024-01-22T19:07:38 IST" name="runScenario" description="Runs Cucumber Scenarios" data-provider="scenarios" finished-at="2024-01-22T19:07:41 IST" duration-ms="2760" status="PASS">
          <params>
            <param index="0">
              <value>
                <![CDATA["Check if the admin user is able to get user details successfully"]]>
              </value>
            </param>
            <param index="1">
              <value>
                <![CDATA["Feature to test the get functionality"]]>
              </value>
            </param>
          </params>
          <reporter-output>
          </reporter-output>
        </test-method> <!-- runScenario -->
        <test-method signature="runScenario(io.cucumber.testng.PickleWrapper,io.cucumber.testng.FeatureWrapper)[pri:0, instance:runner.RunCucumberTest@7a35b0f5]" started-at="2024-01-22T19:07:38 IST" name="runScenario" description="Runs Cucumber Scenarios" data-provider="scenarios" finished-at="2024-01-22T19:07:41 IST" duration-ms="3376" status="PASS">
          <params>
            <param index="0">
              <value>
                <![CDATA["Check if the admin user is able to create a user using another method"]]>
              </value>
            </param>
            <param index="1">
              <value>
                <![CDATA["Feature to test the post functionality"]]>
              </value>
            </param>
          </params>
          <reporter-output>
          </reporter-output>
        </test-method> <!-- runScenario -->
        <test-method signature="runScenario(io.cucumber.testng.PickleWrapper,io.cucumber.testng.FeatureWrapper)[pri:0, instance:runner.RunCucumberTest@7a35b0f5]" started-at="2024-01-22T19:07:38 IST" name="runScenario" description="Runs Cucumber Scenarios" data-provider="scenarios" finished-at="2024-01-22T19:07:41 IST" duration-ms="2697" status="PASS">
          <params>
            <param index="0">
              <value>
                <![CDATA["Verify the user is able to get single user details successfully"]]>
              </value>
            </param>
            <param index="1">
              <value>
                <![CDATA["Feature to test the get functionality"]]>
              </value>
            </param>
          </params>
          <reporter-output>
          </reporter-output>
        </test-method> <!-- runScenario -->
        <test-method signature="runScenario(io.cucumber.testng.PickleWrapper,io.cucumber.testng.FeatureWrapper)[pri:0, instance:runner.RunCucumberTest@7a35b0f5]" started-at="2024-01-22T19:07:38 IST" name="runScenario" description="Runs Cucumber Scenarios" data-provider="scenarios" finished-at="2024-01-22T19:07:41 IST" duration-ms="3376" status="PASS">
          <params>
            <param index="0">
              <value>
                <![CDATA["Verify the register unsuccessfull"]]>
              </value>
            </param>
            <param index="1">
              <value>
                <![CDATA["Feature to test the post functionality"]]>
              </value>
            </param>
          </params>
          <reporter-output>
          </reporter-output>
        </test-method> <!-- runScenario -->
        <test-method signature="runScenario(io.cucumber.testng.PickleWrapper,io.cucumber.testng.FeatureWrapper)[pri:0, instance:runner.RunCucumberTest@7a35b0f5]" started-at="2024-01-22T19:07:38 IST" name="runScenario" description="Runs Cucumber Scenarios" data-provider="scenarios" finished-at="2024-01-22T19:07:41 IST" duration-ms="3067" status="PASS">
          <params>
            <param index="0">
              <value>
                <![CDATA["Verify the user is able to update the user details"]]>
              </value>
            </param>
            <param index="1">
              <value>
                <![CDATA["Feature to test the put functionality"]]>
              </value>
            </param>
          </params>
          <reporter-output>
          </reporter-output>
        </test-method> <!-- runScenario -->
        <test-method signature="runScenario(io.cucumber.testng.PickleWrapper,io.cucumber.testng.FeatureWrapper)[pri:0, instance:runner.RunCucumberTest@7a35b0f5]" started-at="2024-01-22T19:07:38 IST" name="runScenario" description="Runs Cucumber Scenarios" data-provider="scenarios" finished-at="2024-01-22T19:07:41 IST" duration-ms="2697" status="PASS">
          <params>
            <param index="0">
              <value>
                <![CDATA["Check if the admin user is not able to see single user"]]>
              </value>
            </param>
            <param index="1">
              <value>
                <![CDATA["Feature to test the get functionality"]]>
              </value>
            </param>
          </params>
          <reporter-output>
          </reporter-output>
        </test-method> <!-- runScenario -->
        <test-method signature="runScenario(io.cucumber.testng.PickleWrapper,io.cucumber.testng.FeatureWrapper)[pri:0, instance:runner.RunCucumberTest@7a35b0f5]" started-at="2024-01-22T19:07:38 IST" name="runScenario" description="Runs Cucumber Scenarios" data-provider="scenarios" finished-at="2024-01-22T19:07:39 IST" duration-ms="1270" status="FAIL">
          <params>
            <param index="0">
              <value>
                <![CDATA["Verify the user is able to update the user details in partially"]]>
              </value>
            </param>
            <param index="1">
              <value>
                <![CDATA["Feature to test the patch functionality"]]>
              </value>
            </param>
          </params>
          <exception class="java.lang.IllegalArgumentException">
            <message>
              <![CDATA[object cannot be null]]>
            </message>
            <full-stacktrace>
              <![CDATA[java.lang.IllegalArgumentException: object cannot be null
at java.base/jdk.internal.reflect.NativeConstructorAccessorImpl.newInstance0(Native Method)
at java.base/jdk.internal.reflect.NativeConstructorAccessorImpl.newInstance(NativeConstructorAccessorImpl.java:77)
at java.base/jdk.internal.reflect.DelegatingConstructorAccessorImpl.newInstance(DelegatingConstructorAccessorImpl.java:45)
at java.base/java.lang.reflect.Constructor.newInstanceWithCaller(Constructor.java:499)
at java.base/java.lang.reflect.Constructor.newInstance(Constructor.java:480)
at org.codehaus.groovy.reflection.CachedConstructor.invoke(CachedConstructor.java:73)
at org.codehaus.groovy.reflection.CachedConstructor.doConstructorInvoke(CachedConstructor.java:60)
at org.codehaus.groovy.runtime.callsite.ConstructorSite$ConstructorSiteNoUnwrap.callConstructor(ConstructorSite.java:86)
at org.codehaus.groovy.runtime.callsite.CallSiteArray.defaultCallConstructor(CallSiteArray.java:57)
at org.codehaus.groovy.runtime.callsite.AbstractCallSite.callConstructor(AbstractCallSite.java:263)
at org.codehaus.groovy.runtime.callsite.AbstractCallSite.callConstructor(AbstractCallSite.java:277)
at io.restassured.internal.common.assertion.AssertParameter.notNull(AssertParameter.groovy:26)
at io.restassured.internal.common.assertion.AssertParameter$notNull.callStatic(Unknown Source)
at org.codehaus.groovy.runtime.callsite.CallSiteArray.defaultCallStatic(CallSiteArray.java:53)
at org.codehaus.groovy.runtime.callsite.AbstractCallSite.callStatic(AbstractCallSite.java:217)
at org.codehaus.groovy.runtime.callsite.AbstractCallSite.callStatic(AbstractCallSite.java:240)
at io.restassured.internal.RequestSpecificationImpl.body(RequestSpecificationImpl.groovy:765)
at core.APIHelper.hitAPI(APIHelper.java:63)
at steps.PatchTypeDefinition.the_admin_user_submits_the_user_details_which_will_be_updated_in_partially(PatchTypeDefinition.java:38)
at ✽.The admin user submits the user details which will be updated in partially(file:///C:/Users/hp/eclipse-workspace1/API_Framework3_New/src/test/resources/Patch.feature:5)
]]>
            </full-stacktrace>
          </exception> <!-- java.lang.IllegalArgumentException -->
          <reporter-output>
          </reporter-output>
        </test-method> <!-- runScenario -->
        <test-method signature="runScenario(io.cucumber.testng.PickleWrapper,io.cucumber.testng.FeatureWrapper)[pri:0, instance:runner.RunCucumberTest@7a35b0f5]" started-at="2024-01-22T19:07:38 IST" name="runScenario" description="Runs Cucumber Scenarios" data-provider="scenarios" finished-at="2024-01-22T19:07:41 IST" duration-ms="3378" status="PASS">
          <params>
            <param index="0">
              <value>
                <![CDATA["Check if the admin user is able to create a user successfully"]]>
              </value>
            </param>
            <param index="1">
              <value>
                <![CDATA["Feature to test the post functionality"]]>
              </value>
            </param>
          </params>
          <reporter-output>
          </reporter-output>
        </test-method> <!-- runScenario -->
        <test-method is-config="true" signature="tearDownClass()[pri:0, instance:runner.RunCucumberTest@7a35b0f5]" started-at="2024-01-22T19:07:41 IST" name="tearDownClass" finished-at="2024-01-22T19:07:42 IST" duration-ms="119" status="PASS">
          <reporter-output>
          </reporter-output>
        </test-method> <!-- tearDownClass -->
        <test-method is-config="true" signature="afterSuite()[pri:0, instance:runner.RunCucumberTest@7a35b0f5]" started-at="2024-01-22T19:07:42 IST" name="afterSuite" finished-at="2024-01-22T19:07:44 IST" duration-ms="1904" status="PASS">
          <reporter-output>
          </reporter-output>
        </test-method> <!-- afterSuite -->
      </class> <!-- runner.RunCucumberTest -->
    </test> <!-- Default test -->
  </suite> <!-- Default suite -->
</testng-results>
