<?xml version="1.0" encoding="UTF-8"?>
<testng-results ignored="0" total="1" passed="1" failed="0" skipped="0">
  <reporter-output>
  </reporter-output>
  <suite started-at="2023-11-16T21:41:23 IST" name="Default suite" finished-at="2023-11-16T21:41:23 IST" duration-ms="85">
    <groups>
    </groups>
    <test started-at="2023-11-16T21:41:23 IST" name="Default test" finished-at="2023-11-16T21:41:23 IST" duration-ms="85">
      <class name="AssignmentTest.Assignment1Tester">
        <test-method signature="testOccuranceOfACharacter()[pri:0, instance:AssignmentTest.Assignment1Tester@506ae4d4]" started-at="2023-11-16T21:41:23 IST" name="testOccuranceOfACharacter" finished-at="2023-11-16T21:41:23 IST" duration-ms="15" status="PASS">
          <reporter-output>
          </reporter-output>
        </test-method> <!-- testOccuranceOfACharacter -->
      </class> <!-- AssignmentTest.Assignment1Tester -->
    </test> <!-- Default test -->
  </suite> <!-- Default suite -->
</testng-results>
